2022-10-17 19:36:29.385  INFO 12116 --- [main] c.L.p.LibraryManagementApplication       : Starting LibraryManagementApplication using Java 17.0.4 on LAPTOP-C99AIE5D with PID 12116 (C:\Users\LENOVO\Documents\workspace-spring-tool-suite-4-4.15.3.RELEASE\LibraryManagement\target\classes started by LENOVO in C:\Users\LENOVO\Documents\workspace-spring-tool-suite-4-4.15.3.RELEASE\LibraryManagement)
2022-10-17 19:36:29.389  INFO 12116 --- [main] c.L.p.LibraryManagementApplication       : No active profile set, falling back to 1 default profile: "default"
2022-10-17 19:36:30.177  INFO 12116 --- [main] .s.d.r.c.RepositoryConfigurationDelegate : Bootstrapping Spring Data JPA repositories in DEFAULT mode.
2022-10-17 19:36:30.262  INFO 12116 --- [main] .s.d.r.c.RepositoryConfigurationDelegate : Finished Spring Data repository scanning in 72 ms. Found 5 JPA repository interfaces.
2022-10-17 19:36:30.844  INFO 12116 --- [main] o.s.b.w.embedded.tomcat.TomcatWebServer  : Tomcat initialized with port(s): 9090 (http)
2022-10-17 19:36:30.857  INFO 12116 --- [main] o.apache.catalina.core.StandardService   : Starting service [Tomcat]
2022-10-17 19:36:30.857  INFO 12116 --- [main] org.apache.catalina.core.StandardEngine  : Starting Servlet engine: [Apache Tomcat/9.0.65]
2022-10-17 19:36:31.148  INFO 12116 --- [main] org.apache.jasper.servlet.TldScanner     : At least one JAR was scanned for TLDs yet contained no TLDs. Enable debug logging for this logger for a complete list of JARs that were scanned but no TLDs were found in them. Skipping unneeded JARs during scanning can improve startup time and JSP compilation time.
2022-10-17 19:36:31.160  INFO 12116 --- [main] o.a.c.c.C.[Tomcat].[localhost].[/]       : Initializing Spring embedded WebApplicationContext
2022-10-17 19:36:31.160  INFO 12116 --- [main] w.s.c.ServletWebServerApplicationContext : Root WebApplicationContext: initialization completed in 1713 ms
2022-10-17 19:36:31.313  INFO 12116 --- [main] o.hibernate.jpa.internal.util.LogHelper  : HHH000204: Processing PersistenceUnitInfo [name: default]
2022-10-17 19:36:31.385  INFO 12116 --- [main] org.hibernate.Version                    : HHH000412: Hibernate ORM core version 5.6.10.Final
2022-10-17 19:36:31.588  INFO 12116 --- [main] o.hibernate.annotations.common.Version   : HCANN000001: Hibernate Commons Annotations {5.1.2.Final}
2022-10-17 19:36:31.717  INFO 12116 --- [main] com.zaxxer.hikari.HikariDataSource       : HikariPool-1 - Starting...
2022-10-17 19:36:32.108  INFO 12116 --- [main] com.zaxxer.hikari.HikariDataSource       : HikariPool-1 - Start completed.
2022-10-17 19:36:32.147  INFO 12116 --- [main] org.hibernate.dialect.Dialect            : HHH000400: Using dialect: org.hibernate.dialect.MySQL8Dialect
2022-10-17 19:36:33.164  INFO 12116 --- [main] o.h.e.t.j.p.i.JtaPlatformInitiator       : HHH000490: Using JtaPlatform implementation: [org.hibernate.engine.transaction.jta.platform.internal.NoJtaPlatform]
2022-10-17 19:36:33.173  INFO 12116 --- [main] j.LocalContainerEntityManagerFactoryBean : Initialized JPA EntityManagerFactory for persistence unit 'default'
2022-10-17 19:36:33.767  WARN 12116 --- [main] JpaBaseConfiguration$JpaWebConfiguration : spring.jpa.open-in-view is enabled by default. Therefore, database queries may be performed during view rendering. Explicitly configure spring.jpa.open-in-view to disable this warning
2022-10-17 19:36:34.139  INFO 12116 --- [main] o.s.b.w.embedded.tomcat.TomcatWebServer  : Tomcat started on port(s): 9090 (http) with context path ''
2022-10-17 19:36:34.146  INFO 12116 --- [main] c.L.p.LibraryManagementApplication       : Started LibraryManagementApplication in 5.243 seconds (JVM running for 5.995)
2022-10-17 19:36:45.374  INFO 12116 --- [RMI TCP Connection(8)-127.0.0.1] inMXBeanRegistrar$SpringApplicationAdmin : Application shutdown requested.
2022-10-17 19:36:45.391  INFO 12116 --- [RMI TCP Connection(8)-127.0.0.1] o.apache.catalina.core.StandardService   : Stopping service [Tomcat]
2022-10-17 19:36:45.400  INFO 12116 --- [RMI TCP Connection(8)-127.0.0.1] j.LocalContainerEntityManagerFactoryBean : Closing JPA EntityManagerFactory for persistence unit 'default'
2022-10-17 19:36:45.401  INFO 12116 --- [RMI TCP Connection(8)-127.0.0.1] com.zaxxer.hikari.HikariDataSource       : HikariPool-1 - Shutdown initiated...
2022-10-17 19:36:45.411  INFO 12116 --- [RMI TCP Connection(8)-127.0.0.1] com.zaxxer.hikari.HikariDataSource       : HikariPool-1 - Shutdown completed.
